Geotek MSCL 7.9 - SHOCO_MSCL_20200224_part1.out created at 1:06:13 PM on 2/24/2020.										
										
										
SB DEPTH	SECT NUM	SECT DEPTH	CT	PWAmp	PWVel	Den1	MS1	Imp	FP	RES
m		cm	cm		m/s	g/cc	SI x 10^-5			Ohm.m
										
0.005	1	0.5	6.5555	0						0.0021
0.01	1	1	6.5235	0	1292.294	1.0034			1.0131	0.0017
0.015	1	1.5	6.5385	0	1213.53	1.0646		1291.924	0.9776	0.0017
0.02	1	2	6.5815	0	986.288	1.0615	-2	1046.983	0.9794	0.0014
0.025	1	2.5	6.6035	0	1180.672	1.0791		1274.019	0.9692	0.001
0.03	1	3	6.6165	0	1137.246	1.106		1257.812	0.9536	0.0009
0.035	1	3.5	6.6165	0	1010.461	1.0381		1049.009	0.993	0.0007
0.04	1	4	6.6125	0	1222.726	1.0698	-2	1308.053	0.9746	0.0006
0.045	1	4.5	6.5995	0	1406.243	1.0727		1508.44	0.9729	0.0006
0.05	1	5	6.5825	0	1448.932	1.035		1499.656	0.9948	0.0006
0.055	1	5.5	6.5805	0	1448.492	1.0594		1534.479	0.9806	0.0006
0.06	1	6	6.5795	0	1449.868	1.0564	-2	1531.654	0.9824	0.0005
0.065	1	6.5	6.5565	0	1438.46	1.09		1567.855	0.9629	0.0006
0.07	1	7	6.5635	0	1436.843	1.0935		1571.229	0.9608	0.0006
0.075	1	7.5	6.5635	67	1439.995	1.0011		1441.583	1.0144	0.0006
0.08	1	8	6.5635	84	1451.139	0.9897	-1	1436.152	1.0211	0.0006
0.085	1	8.5	6.5585	95	1459.715	1.0786		1574.439	0.9695	0.0006
0.09	1	9	6.5555	95	1463.935	1.0331		1512.358	0.9959	0.0006
0.095	1	9.5	6.5535	90	1470.054	1.0118		1487.433	1.0082	0.0007
0.1	1	10	6.5525	76	1479.788	0.9799	-1	1450.094	1.0267	0.0007
0.105	1	10.5	6.5515	0	1366.889	0.9642		1317.955	1.0358	0.0008
0.11	1	11	6.5485	0	1396.864	1.0187		1423.048	1.0042	0.0008
0.115	1	11.5	6.5465	0	1408.455	1.043		1469.059	0.9901	0.0008
0.12	1	12	6.5415	0	1411.936	1.061	1	1498.037	0.9797	0.0008
0.125	1	12.5	6.5395	0	1403.929	1.0217		1434.378	1.0025	0.0008
0.13	1	13	6.5365	0	1412.381	1.0407		1469.918	0.9915	0.0008
0.135	1	13.5	6.5345	0	1315.318	1.0504		1381.605	0.9858	0.0008
0.14	1	14	6.5335	0	1162.958	1.035	0	1203.668	0.9948	0.0008
0.145	1	14.5	6.5325	0	1167.978	1.0344		1208.142	0.9951	0.0008
0.15	1	15	6.5305	0	999.6173	1.0239		1023.477	1.0012	0.0008
0.155	1	15.5	6.5295	0	993.382	1.0225		1015.714	1.002	0.0009
0.16	1	16	6.5285	0	987.9691	1.0003	1	988.2998	1.0149	0.0008
0.165	1	16.5	6.5275	0	983.3535	0.9715		955.3596	1.0316	0.0009
0.17	1	17	6.5265	0	986.9198	0.9831		970.2172	1.0249	0.0009
0.175	1	17.5	6.5255	0	989.0118	0.9893		978.4536	1.0213	0.0009
0.18	1	18	6.5245	0	991.1135	0.9986	1	989.7753	1.0159	0.001
0.185	1	18.5	6.5225	0	987.8086	1.0414		1028.718	0.9911	0.0009
0.19	1	19	6.5215	0	987.6572	1.0494		1036.415	0.9864	0.0009
0.195	1	19.5	6.5195	0	985.8613	1.0025		988.309	1.0136	0.0009
0.2	1	20	6.5175	0	983.3283	1.022	2	1005.005	1.0023	0.0009
0.205	1	20.5	6.5155	0	983.0266	1.0301		1012.616	0.9976	0.0009
0.21	1	21	6.5135	0	983.4667	1.0273		1010.331	0.9992	0.0009
0.215	1	21.5	6.5115	0	983.9076	1.0037		987.5621	1.0129	0.0009
0.22	1	22	6.5085	0	983.4542	0.9965	3	980.0148	1.0171	0.0009
0.225	1	22.5	6.5065	0	988.3792	1.0393		1027.222	0.9923	0.0009
0.23	1	23	6.5035	0	988.6744	1.0258		1014.176	1.0001	0.0009
0.235	1	23.5	6.5015	0	989.8752	1.0409		1030.34	0.9914	0.001
0.24	1	24	6.4985	0	989.4185	1.0468	3	1035.746	0.9879	0.001
0.245	1	24.5	6.4955	0	988.9617	1.045		1033.428	0.989	0.001
0.25	1	25	6.4935	0	986.4044	1.0328		1018.771	0.996	0.0009
0.255	1	25.5	6.4905	0	985.9486	1.0255		1011.11	1.0003	0.0009
0.26	1	26	6.4885	0	984.1498	1.0398	4	1023.36	0.992	0.0009
0.265	1	26.5	6.4865	0	988.3438	1.0621		1049.719	0.9791	0.0009
0.27	1	27	6.4845	0	988.7923	1.0405		1028.822	0.9916	0.0008
0.275	1	27.5	6.4825	0	988.4873	1.058		1045.856	0.9814	0.0009
0.28	1	28	6.4795	0	990.295	1.1085	5	1097.747	0.9521	0.0009
0.285	1	28.5	6.4765	0	980.842	1.0827		1061.971	0.9671	0.0009
0.29	1	29	6.4735	0	983.3663	1.0298		1012.64	0.9978	0.0009
0.295	1	29.5	6.4715	0	986.0582	1.1051		1089.663	0.9541	0.0009
0.3	1	30	6.4685	0	990.127	1.0595	7	1049.078	0.9805	0.0009
0.305	1	30.5	6.4665	0	984.5463	0.9953		979.892	1.0178	0.001
0.31	1	31	6.4645	0	989.5147	1.0555		1044.406	0.9829	0.001
0.315	1	31.5	6.4625	0	992.2463	1.0456		1037.485	0.9886	0.001
0.32	1	32	6.4605	0	990.4185	1.0451	9	1035.118	0.9889	0.0012
0.325	1	32.5	6.4585	0	987.0854	1.0683		1054.488	0.9755	0.001
0.33	1	33	6.4565	0	983.0237	1.0631		1045.039	0.9785	0.001
0.335	1	33.5	6.4535	0	986.3213	1.0376		1023.455	0.9932	0.001
0.34	1	34	6.4515	0	980.0243	1.1375	9	1114.822	0.9353	0.001
0.345	1	34.5	6.4485	0	978.8252	1.0946		1071.417	0.9602	0.001
0.35	1	35	6.4455	0	985.8521	1.0665		1051.393	0.9765	0.001
0.355	1	35.5	6.4405	0	981.3348	1.0327		1013.424	0.9961	0.001
0.36	1	36	6.4385	0	856.4113	1.0756	6	921.1309	0.9712	0.001
0.365	1	36.5	6.4365	0	920.4204	1.0349		952.5488	0.9948	0.001
0.37	1	37	6.4335	0	922.6301	1.0828		998.9976	0.9671	0.001
0.375	1	37.5	6.4315	0	923.0051	1.0491		968.2855	0.9866	0.001
0.38	1	38	6.4295	0	855.2142	1.0025	6	857.3931	1.0136	0.001
0.385	1	38.5	6.4285	0	918.6196	1.0709		983.7391	0.974	0.001
0.39	1	39	6.4275	0	985.3595	1.0814		1065.559	0.9679	0.001
0.395	1	39.5	6.4265	0	907.3133	1.042		945.4284	0.9907	0.001
0.4	1	40	6.4255	0	1080.279	1.0722	6	1158.256	0.9732	0.0012
0.405	1	40.5	6.4255	0	983.545	1.0556		1038.188	0.9829	0.001
0.41	1	41	6.4255	0	970.9127	1.0969		1065.004	0.9589	0.0012
0.415	1	41.5	6.4255	0	991.1306	1.0508		1041.505	0.9856	0.0012
0.42	1	42	6.4255	0	1076.659	1.1098	6	1194.832	0.9514	0.001
0.425	1	42.5	6.4255	0	946.597	1.0793		1021.699	0.9691	0.0012
0.43	1	43	6.4265	0	1112.236	1.112		1236.809	0.9501	0.0012
0.435	1	43.5	6.4265	0	948.1411	1.1064		1048.994	0.9534	0.0012
0.44	1	44	6.4265	0	942.5785	1.0673	5	1005.973	0.9761	0.001
0.445	1	44.5	6.4275	0	940.6556	1.1256		1058.76	0.9423	0.0012
0.45	1	45	6.4275	0	935.862	1.0886		1018.751	0.9637	0.0012
0.455	1	45.5	6.4285	0	1079.876	1.037		1119.807	0.9936	0.001
0.46	1	46	6.4295	0	982.6532	1.0906	4	1071.709	0.9625	0.0012
0.465	1	46.5	6.4375	0	1112.215	1.0973		1220.395	0.9587	0.0012
0.47	1	47	6.4485	0	945.8052	1.1275		1066.437	0.9411	0.0012
0.475	1	47.5	6.4515	0	940.7261	0.9193		864.8073	1.0619	0.0012
0.48	1	48	6.4515	0	1051.075	1.1335	4	1191.386	0.9376	0.0012
0.485	1	48.5	6.4505	0	948.1846	1.0641		1008.939	0.9779	0.001
0.49	1	49	6.4475	0	943.5826	1.0457		986.6754	0.9886	0.0012
0.495	1	49.5	6.4445	0	940.3911	1.0682		1004.554	0.9755	0.0012
0.5	1	50	6.4425	0	911.5026	1.0316	3	940.304	0.9968	0.0012
0.505	1	50.5	6.4385	0	975.0871	0.9934		968.6785	1.0189	0.0012
0.51	1	51	6.4325	0	973.4413	1.0607		1032.552	0.9799	0.0012
0.515	1	51.5	6.4215	0	976.9512	1.0279		1004.234	0.9989	0.0012
0.52	1	52	6.4075	0	1062.956	1.0451	3	1110.894	0.9889	0.0012
0.525	1	52.5	6.3955	0	972.9955	1.055		1026.474	0.9832	0.0012
0.53	1	53	6.3905	0	975.2022	1.1094		1081.86	0.9516	0.0014
0.535	1	53.5	6.3875	0	976.2342	1.0555		1030.407	0.9829	0.0012
0.54	1	54	6.3855	0	977.4223	1.0861	4	1061.578	0.9651	0.0014
0.545	1	54.5	6.3845	0	975.7756	1.0497		1024.227	0.9863	0.0012
0.55	1	55	6.3835	0	975.6228	1.0641		1038.152	0.9779	0.0012
0.555	1	55.5	6.3825	0	973.9814	1.0531		1025.748	0.9843	0.0014
0.56	1	56	6.3815	0	973.0863	1.1004	3	1070.825	0.9568	0.0014
0.565	1	56.5	6.3815	0	972.345	1.0023		974.5824	1.0137	0.0012
0.57	1	57	6.3805	0	975.9102	1.0646		1038.946	0.9776	0.0014
0.575	1	57.5	6.3805	0	974.4197	1.0686		1041.237	0.9753	0.0014
0.58	1	58	6.3815	0	974.5724	1.0257	3	999.6476	1.0002	0.0014
0.585	1	58.5	6.3815	0	973.0863	1.0573		1028.822	0.9819	0.0014
0.59	1	59	6.3815	0	973.0863	1.0581		1029.594	0.9814	0.0014
0.595	1	59.5	6.3815	0	973.8289	1.0375		1010.365	0.9933	0.0014
0.6	1	60	6.3815	0	973.8289	1.0257	4	998.8849	1.0002	0.0014
0.605	1	60.5	6.3815	0	973.0863	1.07		1041.199	0.9745	0.0014
0.61	1	61	6.3815	0	973.8289	1.0438		1016.508	0.9897	0.0017
0.615	1	61.5	6.3815	0	970.8657	1.0517		1021.089	0.9851	0.0014
0.62	1	62	6.3815	0	972.345	1	3	972.3148	1.0151	0.0014
0.625	1	62.5	6.3815	0	970.8657	1.0328		1002.707	0.9961	0.0014
0.63	1	63	6.3815	0	970.1277	1.0265		995.8495	0.9997	0.0014
0.635	1	63.5	6.3815	0	970.1277	1.0478		1016.476	0.9874	0.0017
0.64	1	64	6.3815	0	970.1277	1.0352	4	1004.234	0.9947	0.0014
0.645	1	64.5	6.3815	0	969.3909	1.0956		1062.077	0.9596	0.0017
0.65	1	65	6.3815	0	969.3909	1.0367		1004.997	0.9938	0.0017
0.655	1	65.5	6.3815	0	970.1277	1.0383		1007.289	0.9929	0.0014
0.66	1	66	6.3815	0	969.3909	1.1004	3	1066.758	0.9568	0.0014
0.665	1	66.5	6.3815	0	970.1277	1.047		1015.709	0.9878	0.0014
0.67	1	67	6.3815	0	970.1277	1.0367		1005.761	0.9938	0.0017
0.675	1	67.5	6.3815	0	965.7234	0.9914		957.4516	1.0201	0.0017
0.68	1	68	6.3815	0	964.9933	1.0541	3	1017.205	0.9837	0.0017
0.685	1	68.5	6.3815	0	967.187	1.062		1027.192	0.9791	0.0017
0.69	1	69	6.3815	0	966.4547	1.0257		991.321	1.0002	0.0017
0.695	1	69.5	6.3815	0	967.187	1.0788		1043.378	0.9694	0.0017
0.7	1	70	6.3815	0	967.9205	1.0352	4	1001.949	0.9947	0.0017
0.705	1	70.5	6.3805	0	966.3033	1.0543		1018.746	0.9836	0.0014
0.71	1	71	6.3805	0	967.7689	0.99		958.1307	1.0209	0.0017
0.715	1	71.5	6.3805	0	968.5034	1.0559		1022.601	0.9827	0.0017
0.72	1	72	6.3805	0	968.5034	1.0095	4	977.6722	1.0096	0.0017
0.725	1	72.5	6.3805	0	967.0355	1.0282		994.3486	0.9987	0.0017
0.73	1	73	6.3805	0	969.9758	1.0894		1056.65	0.9632	0.0017
0.735	1	73.5	6.3805	0	964.1131	1.0079		971.7373	1.0105	0.0017
0.74	1	74	6.3805	0	965.5721	0.9877	4	953.7137	1.0222	0.0017
0.745	1	74.5	6.3805	0	959.7623	1.0157		974.8422	1.006	0.0017
0.75	1	75	6.3645	0	959.5206	1.0136		972.5401	1.0072	0.0017
0.755	1	75.5	6.3635	0	963.7286	1.0263		989.0482	0.9998	0.0017
0.76	1	76	6.3625	0	958.4966	1.0406	4	997.4271	0.9915	0.0017
0.765	1	76.5	6.3615	0	955.4671	1.0313		985.3879	0.9969	0.0014
0.77	1	77	6.3615	0	958.3459	1.0297		986.8481	0.9978	0.0017
0.775	1	77.5	6.3605	0	961.091	0.9792		941.1068	1.0271	0.0017
0.78	1	78	6.3595	0	963.8526	0.9902	4	954.411	1.0208	0.0017
0.785	1	78.5	6.3595	0	1100.64	1.0065		1107.848	1.0113	0.0014
0.79	1	79	6.3585	0	964.4319	1.0005		964.8837	1.0148	0.0017
0.795	1	79.5	6.3575	0	962.8199	1.0359		997.3914	0.9943	0.0014
0.8	1	80	6.3575	0	963.5495	1.0367	4	998.9074	0.9938	0.0014
0.805	1	80.5	6.3565	0	961.2128	1.0047		965.7132	1.0124	0.0014
0.81	1	81	6.3565	0	960.4866	1.0408		999.6821	0.9914	0.0014
0.815	1	81.5	6.3555	0	958.1638	1.0672		1022.536	0.9761	0.0017
0.82	1	82	6.3545	0	960.9104	1.0898	4	1047.189	0.963	0.0014
0.825	1	82.5	6.3535	0	961.4861	1.0067		967.9455	1.0112	0.0014
0.83	1	83	6.3535	0	960.7592	1.0358		995.1248	0.9943	0.0014
0.835	1	83.5	6.3525	0	959.8821	1.0045		964.2341	1.0125	0.0014
0.84	1	84	6.3525	0	959.1574	1.0565	4	1013.38	0.9823	0.0014
0.845	1	84.5	6.3525	0	959.1574	1.0312		989.0832	0.997	0.0014
0.85	1	85	6.3525	0	961.3347	1.0982		1055.73	0.9581	0.0014
0.855	1	85.5	6.3525	0	962.7917	1.095		1054.223	0.96	0.0017
0.86	1	86	6.3515	0	961.9113	1.0456	4	1005.76	0.9886	0.0014
0.865	1	86.5	6.3515	0	960.4567	1.0551		1013.385	0.9831	0.0014
0.87	1	87	6.3515	0	958.2831	1.0345		991.36	0.9951	0.0017
0.875	1	87.5	6.3515	0	956.8395	1.0583		1012.613	0.9813	0.0014
0.88	1	88	6.3515	0	959.0065	1.0495	3	1006.524	0.9863	0.0012
0.885	1	88.5	6.3525	0	959.1574	1.0773		1033.285	0.9703	0.0014
0.89	1	89	6.3525	0	1090.932	1.0526		1148.27	0.9846	0.0014
0.895	1	89.5	6.3525	0	1092.809	1.0581		1156.326	0.9814	0.0014
0.9	1	90	6.3525	0	963.5219	1.0733	4	1034.13	0.9726	0.0014
0.905	1	90.5	6.3525	0	1088.13	1.1087		1206.414	0.952	0.0014
0.91	1	91	6.3525	0	961.3347	1.0462		1005.761	0.9883	0.0017
0.915	1	91.5	6.3535	0	960.0333	1.0492		1007.285	0.9865	0.0014
0.92	1	92	6.3535	0	961.4861	1.0659	3	1024.87	0.9768	0.0014
0.925	1	92.5	6.3545	0	964.5569	1.0554		1017.997	0.9829	0.0014
0.93	1	93	6.3545	0	960.9104	1.0498		1008.809	0.9862	0.0014
0.935	1	93.5	6.3555	0	958.1638	1.0378		994.3931	0.9931	0.0014
0.94	1	94	6.3565	0	1091.619	1.0846	4	1183.996	0.966	0.0014
0.945	1	94.5	6.3565	0	1090.683	1.0117		1103.459	1.0083	0.0014
0.95	1	95	6.3575	0	949.1639	1.1086		1052.283	0.9521	0.0014
0.955	1	95.5	6.3575	0	957.7433	1.0312		987.6025	0.997	0.0014
0.96	1	96	6.3585	0	958.616	1.0795	4	1034.798	0.969	0.0014
0.965	1	96.5	6.3585	0	960.0634	1.0294		988.3275	0.998	0.0014
0.97	1	97	6.3595	0	966.0489	1.0617		1025.684	0.9793	0.0014
0.975	1	97.5	6.3595	0	966.0489	1.0593		1023.377	0.9807	0.0014
0.98	1	98	6.3605	0	966.2009	1.0624	3	1026.453	0.9789	0.0014
0.985	1	98.5	6.3605	0	964.0043	1.0331		995.8674	0.9959	0.0014
0.99	1	99	6.3615	0	965.6194	1.0694		1032.602	0.9748	0.0014
0.995	1	99.5	6.3615	0	966.3527	1.125		1087.14	0.9426	0.0012
1	1	100	6.3625	0	963.5772	1.0147	3	977.7126	1.0066	0.0017
1.005	1	100.5	6.3625	0	1089.843	1.07		1166.129	0.9745	0.0014
1.01	1	101	6.3635	0	955.0504	1.0746		1026.318	0.9718	0.0014
1.015	1	101.5	6.3645	0	957.3555	1.1408		1092.139	0.9334	0.0014
1.02	1	102	6.3655	0	961.1203	1.1504	4	1105.719	0.9278	0.0014
1.025	1	102.5	6.3655	0	958.9485	1.0951		1050.186	0.9599	0.0014
1.03	1	103	6.3715	0	957.6883	1.0297		986.1286	0.9979	0.0014
1.035	1	103.5	6.3735	0	1052.08	1.0043		1056.644	1.0126	0.0014
1.04	1	104	6.3765	0	957.0014	1.0772	4	1030.904	0.9703	0.0014
1.045	1	104.5	6.3785	0	955.8669	1.0578		1011.092	0.9816	0.0014
1.05	1	105	6.3805	0	1040.355	1.0432		1085.299	0.99	0.0012
1.055	1	105.5	6.3825	0	1059.688	1.05		1112.654	0.9861	0.0014
1.06	1	106	6.3855	0	957.6335	1.0717	4	1026.312	0.9735	0.0014
1.065	1	106.5	6.3885	0	955.2184	1.0656		1017.921	0.977	0.0012
1.07	1	107	6.3905	0	956.9482	1.1102		1062.382	0.9512	0.0012
1.075	1	107.5	6.4355	0	968.0355	1.0904		1055.555	0.9626	0.0012
1.08	1	108	6.4605	0	953.8609	1.1021	4	1051.294	0.9558	0.0012
1.085	1	108.5	6.4805	0	907.2519	1.0844		983.8459	0.9661	0.0012
1.09	1	109	6.5155	0	1561.347	1.124		1754.896	0.9432	0.0014
1.095	1	109.5	6.5415	0	1357.721	1.0861		1474.661	0.9651	0.0012
1.1	1	110	6.5635	0	1116.621	1.0723	4	1197.329	0.9732	0.0012
1.105	1	110.5	6.5715	0	1179.167	1.1041		1301.872	0.9547	0.0012
1.11	1	111	6.6195	0	1398.584	1.0874		1520.838	0.9644	0.0012
1.115	1	111.5	6.6675	0	1340.74	1.1109		1489.451	0.9507	0.0012
1.12	1	112	6.6985	0	1428.861	1.1453	3	1636.457	0.9308	0.0014
1.125	1	112.5	6.7515	0	883.9356	1.1229		992.5735	0.9438	0.0014
1.13	1	113	6.7625	0	1347.649	1.1606		1564.088	0.9219	0.0017
1.135	1	113.5	6.7585	0	1444.741	1.1383		1644.518	0.9349	0.0017
1.14	1	114	6.7535	0	1248.798	1.0944	2	1366.732	0.9603	0.0021
1.145	1	114.5	6.7305	0	826.0309	1.0198		842.3926	1.0036	0.0021
1.15	2	0.2	6.7065	0	1412.489	0.9471		1337.737	1.0458	0.0021
1.155	2	0.7	6.7225	0	1250	0.2494		311.792	1.4504	0.0021
1.16	2	1.2	6.7325	0	1162.178	0.7774	2	903.4789	1.1442	0.0017
1.165	2	1.7	6.7605	0	1047.652	1.0055		1053.417	1.0119	0.0014
1.17	2	2.2	6.7825	0	1317.502	0.9829		1294.913	1.025	0.0017
1.175	2	2.7	6.8375	0	1561.786	0.9809		1531.879	1.0262	0.0014
1.18	2	3.2	6.8765	0	1735.175	0.9878	4	1714.011	1.0222	0.0012
1.185	2	3.7	6.8775	0	1463.921	1.077		1576.637	0.9704	0.0012
1.19	2	4.2	6.8665	0	1557.736	1.0175		1584.964	1.0049	0.001
1.195	2	4.7	6.8575	0	1521.185	1.0406		1582.949	0.9915	0.001
1.2	2	5.2	6.8505	0	1184.593	0.993	4	1176.341	1.0191	0.0009
1.205	2	5.7	6.8435	0	1516.397	0.9807		1487.174	1.0263	0.0009
1.21	2	6.2	6.8385	0	1294.435	1.0262		1328.285	0.9999	0.0009
1.215	2	6.7	6.8115	0	1207.071	1.0054		1213.634	1.0119	0.0009
1.22	2	7.2	6.7765	0	1488.359	1.0249	4	1525.483	1.0006	0.0009
1.225	2	7.7	6.7475	0	1465.892	1.0105		1481.212	1.009	0.0009
1.23	2	8.2	6.7465	0	1025.616	1.0189		1045	1.0041	0.001
1.235	2	8.7	6.7435	0	998.5933	0.9287		927.3939	1.0564	0.001
1.24	2	9.2	6.7265	0	992.4019	0.9798	4	972.3801	1.0268	0.0009
1.245	2	9.7	6.7035	0	999.3292	1.0568		1056.093	0.9821	0.001
1.25	2	10.2	6.6885	0	1003.074	0.9944		997.4658	1.0183	0.0009
1.255	2	10.7	6.6815	0	1099.293	1.0326		1135.162	0.9962	0.001
1.26	2	11.2	6.6735	0	1010.677	1.0163	4	1027.182	1.0056	0.001
1.265	2	11.7	6.6675	0	1005.201	0.9862		991.3682	1.0231	0.0009
1.27	2	12.2	6.6585	0	1007.642	1.0049		1012.625	1.0122	0.001
1.275	2	12.7	6.6555	0	1002.636	1.0115		1014.136	1.0084	0.001
1.28	2	13.2	6.6515	0	1003.546	1.0098	4	1013.378	1.0094	0.0009
1.285	2	13.7	6.6485	0	1092.964	1.0057		1099.191	1.0118	0.0009
1.29	2	14.2	6.6455	0	1003.397	0.9715		974.7601	1.0316	0.0009
1.295	2	14.7	6.6435	0	1131.194	1.0609		1200.101	0.9797	0.001
1.3	2	15.2	6.6415	0	1005.07	1.0481	4	1053.403	0.9872	0.0009
1.305	2	15.7	6.6395	0	1094.183	0.9723		1063.915	1.0311	0.001
1.31	2	16.2	6.6385	0	1003.098	1.0347		1037.913	0.9949	0.0009
1.315	2	16.7	6.6365	0	1003.554	1.0473		1051.058	0.9876	0.0009
1.32	2	17.2	6.6355	0	1106.285	1.0199	4	1128.255	1.0036	0.0009
1.325	2	17.7	6.6345	0	1134.49	1.0446		1185.05	0.9892	0.001
1.33	2	18.2	6.6325	0	999.1715	1.0495		1048.642	0.9864	0.001
1.335	2	18.7	6.6315	0	1093.766	1.0737		1174.405	0.9723	0.0009
1.34	2	19.2	6.6305	0	1004.926	0.9304	5	935.0328	1.0554	0.001
1.345	2	19.7	6.6285	0	1000.075	1.008		1008.047	1.0105	0.001
1.35	2	20.2	6.6275	0	1002.951	1.0341		1037.171	0.9953	0.0009
1.355	2	20.7	6.6245	0	995.7162	1.057		1052.445	0.982	0.0009
1.36	2	21.2	6.6225	0	999.1702	1.0472	4	1046.362	0.9877	0.0009
1.365	2	21.7	6.6215	0	999.0193	1.0428		1041.735	0.9903	0.0009
1.37	2	22.2	6.6205	0	1001.134	1.0391		1040.24	0.9924	0.001
1.375	2	22.7	6.6185	0	1000.076	1.0057		1005.763	1.0118	0.0009
1.38	2	23.2	6.6175	0	998.4159	1.0527	5	1050.997	0.9845	0.001
1.385	2	23.7	6.6155	0	997.3616	1.0314		1028.66	0.9969	0.001
1.39	2	24.2	6.6125	0	996.9094	1.0342		1030.96	0.9953	0.001
1.395	2	24.7	6.6105	0	997.3597	1.085		1082.104	0.9658	0.001
1.4	2	25.2	6.6085	0	998.5645	1.0286	4	1027.154	0.9985	0.001
1.405	2	25.7	6.6065	0	1126.812	1.0289		1159.424	0.9983	0.001
1.41	2	26.2	6.6035	0	1125.341	0.9618		1082.409	1.0372	0.001
1.415	2	26.7	6.6015	0	997.5068	1.0755		1072.794	0.9713	0.0009
1.42	2	27.2	6.5995	0	1126.579	1.0649	5	1199.661	0.9775	0.001
1.425	2	27.7	6.5975	0	997.6563	1.0528		1050.284	0.9845	0.001
1.43	2	28.2	6.5955	0	1124.936	1.0061		1131.845	1.0115	0.0009
1.435	2	28.7	6.5935	0	1123.637	1.0194		1145.488	1.0038	0.001
1.44	2	29.2	6.5925	0	993.8942	1.0816	4	1075.043	0.9677	0.001
1.445	2	29.7	6.5915	0	1121.385	0.9741		1092.381	1.0301	0.001
1.45	2	30.2	6.5905	0	1120.262	0.9917		1110.944	1.0199	0.0009
1.455	2	30.7	6.5885	0	1083.991	0.9505		1030.387	1.0438	0.001
1.46	2	31.2	6.5865	0	996.7463	0.9968	4	993.6021	1.0169	0.0009
1.465	2	31.7	6.5855	0	1123.23	0.9993		1122.422	1.0155	0.001
1.47	2	32.2	6.5845	0	1125.94	0.9805		1103.939	1.0264	0.001
1.475	2	32.7	6.5845	0	1126.904	1.0017		1128.84	1.0141	0.001
1.48	2	33.2	6.5835	0	1124.808	1.0202	3	1147.56	1.0033	0.001
1.485	2	33.7	6.5825	0	1122.719	1.0707		1202.148	0.974	0.001
1.49	2	34.2	6.5815	0	1125.427	1.0569		1189.426	0.9821	0.001
1.495	2	34.7	6.5815	0	1123.506	1.0444		1173.44	0.9893	0.0009
1.5	2	35.2	6.5805	0	1120.467	1.057	3	1184.363	0.982	0.001
1.505	2	35.7	6.5805	0	1119.513	0.9993		1118.705	1.0155	0.0009
1.51	2	36.2	6.5795	0	1119.343	1.0278		1150.426	0.999	0.001
1.515	2	36.7	6.5795	0	1119.343	0.9714		1087.312	1.0317	0.0012
1.52	2	37.2	6.5785	0	1118.222	1.0172	3	1137.417	1.0051	0.001
1.525	2	37.7	6.5785	0	1122.037	1.0295		1155.098	0.998	0.001
1.53	2	38.2	6.5785	0	996.2896	1.0256		1021.81	1.0002	0.001
1.535	2	38.7	6.5775	0	996.1382	1.0474		1043.36	0.9876	0.001
1.54	2	39.2	6.5775	0	993.8804	1.0196	4	1013.383	1.0037	0.001
1.545	2	39.7	6.5785	0	1121.08	0.9542		1069.781	1.0416	0.0012
1.55	2	40.2	6.5785	0	1119.173	0.9505		1063.77	1.0438	0.0012
1.555	2	40.7	6.5785	0	1122.037	1.0019		1124.133	1.014	0.0012
1.56	2	41.2	6.5785	0	998.558	1.0187	4	1017.231	1.0042	0.0012
1.565	2	41.7	6.5785	0	995.5357	0.9935		989.0566	1.0189	0.0012
1.57	2	42.2	6.5765	0	995.9867	1.0491		1044.906	0.9866	0.0012
1.575	2	42.7	6.5755	0	1119.615	1.0578		1184.363	0.9815	0.001
1.58	2	43.2	6.5735	0	1119.275	1.0706	4	1198.348	0.9741	0.0012
1.585	2	43.7	6.5725	0	1085.825	1.0467		1136.479	0.988	0.001
1.59	2	44.2	6.5725	0	1121.013	1.0747		1204.783	0.9717	0.0012
1.595	2	44.7	6.5725	0	1117.202	1.035		1156.345	0.9948	0.0012
1.6	2	45.2	6.5735	0	1123.099	0.9844	4	1105.55	1.0241	0.0012
1.605	2	45.7	6.5735	0	1122.141	1.0103		1133.669	1.0091	0.001
1.61	2	46.2	6.5335	0	990.2243	1.0804		1069.793	0.9685	0.0012
1.615	2	46.7	6.5355	0	1107.149	1.0146		1123.323	1.0066	0.001
1.62	2	47.2	6.5365	0	1100.792	0.9498	3	1045.569	1.0442	0.0012
1.625	2	47.7	6.5365	0	1102.648	1.0665		1175.968	0.9765	0.0012
1.63	2	48.2	6.5365	0	1103.579	1.0814		1193.449	0.9678	0.0012
1.635	2	48.7	6.5365	0	1106.381	1.0361		1146.3	0.9942	0.0012
1.64	2	49.2	6.5385	0	1080.208	1.0303	4	1112.984	0.9975	0.001
1.645	2	49.7	6.5415	0	1113.826	0.9945		1107.73	1.0183	0.001
1.65	2	50.2	6.5435	0	1112.273	1.0811		1202.44	0.9681	0.0012
1.655	2	50.7	6.5445	0	1104.93	1.0967		1211.78	0.959	0.0012
1.66	2	51.2	6.5455	0	1106.968	1.0238	4	1133.353	1.0013	0.0012
1.665	2	51.7	6.5465	0	1072.669	0.9816		1052.922	1.0258	0.0012
1.67	2	52.2	6.5455	0	1106.032	1.0138		1121.326	1.0071	0.0012
1.675	2	52.7	6.5435	0	1105.694	1.0474		1158.099	0.9876	0.0012
1.68	2	53.2	6.5425	0	1104.592	1.0852	4	1198.675	0.9657	0.0012
1.685	2	53.7	6.5415	0	1100.707	1.0306		1134.436	0.9973	0.0012
1.69	2	54.2	6.5405	0	1109.876	0.9901		1098.891	1.0208	0.0012
1.695	2	54.7	6.5395	0	1113.485	0.9781		1089.083	1.0278	0.0014
1.7	2	55.2	6.5385	0	1115.214	1.0404	4	1160.29	0.9916	0.0012
1.705	2	55.7	6.5375	0	1113.145	1.0445		1162.64	0.9893	0.0012
1.71	2	56.2	6.5365	0	1112.028	1.0446		1161.651	0.9892	0.0014
1.715	2	56.7	6.5345	0	1082.229	1.0442		1130.027	0.9895	0.0012
1.72	2	57.2	6.5335	0	1114.361	1.0576	3	1178.532	0.9817	0.0012
1.725	2	57.7	6.5325	0	1110.403	1.0617		1178.87	0.9793	0.0012
1.73	2	58.2	6.5315	0	1109.29	1.0712		1188.313	0.9738	0.0012
1.735	2	58.7	6.5315	0	983.9561	0.9438		928.6605	1.0477	0.0012
1.74	2	59.2	6.5305	0	982.3254	1.0324	3	1014.132	0.9963	0.0012
1.745	2	59.7	6.5295	0	982.175	1.1088		1089.006	0.952	0.001
1.75	2	60.2	6.5295	0	1108.01	1.0395		1151.799	0.9922	0.001
1.755	2	60.7	6.5285	0	1071.475	1.097		1175.418	0.9588	0.001
1.76	2	61.2	6.5285	0	992.475	0.9752	3	967.8371	1.0295	0.0012
1.765	2	61.7	6.5275	0	1109.553	1.0893		1208.581	0.9633	0.001
1.77	2	62.2	6.5265	0	989.1634	1.0222		1011.102	1.0022	0.0012
1.775	2	62.7	6.5255	0	992.0189	1.073		1064.445	0.9727	0.001
1.78	2	63.2	6.5235	0	990.9615	1.0616	3	1051.961	0.9794	0.0012
1.785	2	63.7	6.5235	0	1113.605	1.0569		1176.922	0.9821	0.001
1.79	2	64.2	6.5215	0	1116.122	1.0392		1159.92	0.9923	0.0012
1.795	2	64.7	6.5205	0	1112.144	1.0223		1136.997	1.0021	0.001
1.8	2	65.2	6.5195	0	985.8613	1.0295	3	1014.913	0.998	0.001
1.805	2	65.7	6.5185	0	1108.023	0.9835		1089.763	1.0246	0.0012
1.81	2	66.2	6.5185	0	1108.023	1.0459		1158.936	0.9884	0.0012
1.815	2	66.7	6.5175	0	1112.581	1.0625		1182.155	0.9788	0.0012
1.82	2	67.2	6.5145	0	1113.971	1.0435	4	1162.398	0.9899	0.0012
1.825	2	67.7	6.5135	0	1112.848	1.0553		1174.442	0.983	0.0014
1.83	2	68.2	6.5125	0	1107.945	1.0089		1117.852	1.0099	0.0012
1.835	2	68.7	6.5115	0	1112.506	1.0502		1168.351	0.986	0.0012
1.84	2	69.2	6.5105	0	1110.438	1.1056	3	1227.721	0.9538	0.0012
1.845	2	69.7	6.5095	0	1110.268	1.129		1253.513	0.9402	0.0012
1.85	2	70.2	6.5085	0	1112.945	1.1107		1236.202	0.9508	0.0012
1.855	2	70.7	6.5065	0	1113.555	1.0951		1219.508	0.9599	0.0012
1.86	2	71.2	6.5055	0	1107.696	1.1017	3	1220.331	0.9561	0.0014
1.865	2	71.7	6.5055	0	1107.696	1.1201		1240.697	0.9454	0.0012
1.87	2	72.2	6.5045	0	1107.526	1.1194		1239.809	0.9458	0.0012
1.875	2	72.7	6.5045	0	1105.643	1.0592		1171.054	0.9808	0.0012
1.88	2	73.2	6.5045	0	1155.739	1.1019	4	1273.455	0.956	0.0012
1.885	2	73.7	6.5045	0	1105.643	1.0868		1201.564	0.9648	0.0012
1.89	2	74.2	6.5045	0	1106.584	1.0599		1172.918	0.9803	0.0012
1.895	2	74.7	6.5045	0	1100.965	1.0334		1137.732	0.9957	0.0012
1.9	2	75.2	6.5045	0	1107.526	0.9979	3	1105.181	1.0163	0.0014
1.905	2	75.7	6.5045	0	1108.47	1.049		1162.764	0.9867	0.001
1.91	2	76.2	6.5045	0	1110.362	1.0412		1156.084	0.9912	0.0012
1.915	2	76.7	6.5045	0	1066.661	1.0552		1125.585	0.983	0.001
1.92	2	77.2	6.5045	0	1103.767	1.0537	3	1163.012	0.9839	0.001
1.925	2	77.7	6.5045	0	1110.362	1.0537		1169.96	0.9839	0.0012
1.93	2	78.2	6.5045	0	1109.415	1.0071		1117.295	1.011	0.001
1.935	2	78.7	6.5045	0	1105.643	1.0218		1129.707	1.0025	0.0012
1.94	2	79.2	6.5045	0	1070.171	0.9803	3	1049.086	1.0265	0.0012
1.945	2	79.7	6.5045	0	1101.897	1.0272		1131.854	0.9993	0.0014
1.95	2	80.2	6.5055	0	1104.874	1.1105		1226.921	0.951	0.0012
1.955	2	80.7	6.5055	0	1106.754	1.0449		1156.465	0.989	0.0012
1.96	2	81.2	6.5055	0	1110.533	0.9985	3	1108.862	1.016	0.0012
1.965	2	81.7	6.5055	0	1108.64	1.0395		1152.387	0.9922	0.0014
1.97	2	82.2	6.5065	0	1107.866	1.0409		1153.131	0.9914	0.0012
1.975	2	82.7	6.5065	0	1104.107	1.0471		1156.107	0.9878	0.0012
1.98	2	83.2	6.5065	0	1109.756	1.0534	3	1168.963	0.9841	0.0014
1.985	2	83.7	6.5075	0	1103.34	1.0618		1171.538	0.9792	0.0012
1.99	2	84.2	6.5075	0	1108.981	1.0446		1158.436	0.9892	0.0012
1.995	2	84.7	6.5075	0	1108.981	1.0167		1127.453	1.0054	0.0012
2	2	85.2	6.5085	0	1104.446	1.0908	4	1204.777	0.9624	0.0012
2.005	2	85.7	6.5085	0	1105.384	1.046		1156.226	0.9884	0.0012
2.01	2	86.2	6.5095	0	1076.306	1.082		1164.525	0.9675	0.0014
2.015	2	86.7	6.5095	0	1102.744	1.1339		1250.346	0.9374	0.0012
2.02	2	87.2	6.5105	0	1302.621	1.1088	3	1444.359	0.952	0.001
2.025	2	87.7	6.5105	0	1105.724	1.1032		1219.864	0.9552	0.0012
2.03	2	88.2	6.5115	0	1103.083	1.0565		1165.358	0.9823	0.0012
2.035	2	88.7	6.5115	0	1107.775	1.0943		1212.247	0.9604	0.0012
2.04	2	89.2	6.5125	0	1103.253	1.0594	4	1168.815	0.9806	0.0012
2.045	2	89.7	6.5125	0	1103.253	1.0728		1183.554	0.9729	0.0012
2.05	2	90.2	6.5135	0	1107.173	1.1123		1231.501	0.9499	0.0012
2.055	2	90.7	6.5135	0	1107.173	1.1027		1220.901	0.9555	0.0012
2.06	2	91.2	6.5145	0	1107.343	1.101	4	1219.137	0.9565	0.0012
2.065	2	91.7	6.5155	0	1105.634	1.0944		1210.039	0.9603	0.0012
2.07	2	92.2	6.5165	0	1104.866	1.1294		1247.85	0.94	0.0012
2.075	2	92.7	6.5175	0	1105.973	1.1052		1222.352	0.954	0.0012
2.08	2	93.2	6.5175	0	1107.853	1.1559	4	1280.569	0.9247	0.0012
2.085	2	93.7	6.5185	0	1106.143	1.1283		1248.02	0.9407	0.0014
2.09	2	94.2	6.5195	0	1103.504	1.1073		1221.887	0.9529	0.0014
2.095	2	94.7	6.5205	0	1109.306	1.0952		1214.887	0.9599	0.0014
2.1	2	95.2	6.5215	0	1105.714	1.0006	4	1106.423	1.0147	0.0012
2.105	2	95.7	6.5225	0	1105.883	1.0838		1198.508	0.9665	0.0014
2.11	2	96.2	6.5235	0	1106.991	1.113		1232.062	0.9495	0.0012
2.115	2	96.7	6.5235	0	1106.991	1.1098		1228.528	0.9514	0.0012
2.12	2	97.2	6.5235	0	1106.053	1.0875	4	1202.88	0.9643	0.0012
2.125	2	97.7	6.5235	0	1104.181	1.0812		1193.863	0.968	0.0012
2.13	2	98.2	6.5235	0	1106.053	1.1346		1254.966	0.937	0.0014
2.135	2	98.7	6.5235	0	1105.116	1.1082		1224.684	0.9523	0.0014
2.14	2	99.2	6.5235	0	1104.181	1.0211	3	1127.484	1.0028	0.0012
2.145	2	99.7	6.5235	0	1106.991	1.0915		1208.284	0.962	0.0012
2.15	2	100.2	6.5235	0	1103.247	0.9835		1085.075	1.0246	0.0014
2.155	2	100.7	6.5245	0	1106.222	1.0929		1209.013	0.9612	0.0014
2.16	2	101.2	6.5245	0	1107.161	1.0637	4	1177.737	0.9781	0.0014
2.165	2	101.7	6.5245	0	1107.161	1.124		1244.467	0.9431	0.0014
2.17	2	102.2	6.5235	0	1107.931	1.0978		1216.342	0.9583	0.0014
2.175	2	102.7	6.5235	0	1106.991	1.1034		1221.471	0.9551	0.0014
2.18	2	103.2	6.5235	0	1106.053	1.0639	3	1176.739	0.978	0.0014
2.185	2	103.7	6.5235	0	1104.181	1.1346		1252.842	0.937	0.0012
2.19	2	104.2	6.5235	0	1109.816	1.0883		1207.852	0.9638	0.0014
2.195	2	104.7	6.5225	0	1111.537	1.0649		1183.627	0.9775	0.0014
2.2	2	105.2	6.5225	0	1110.591	1.0893	0	1209.759	0.9633	0.0017
2.205	2	105.7	6.5225	0	1106.822	1.083		1198.65	0.967	0.0014
2.21	2	106.2	6.5225	0	1107.762	1.1004		1218.983	0.9568	0.0014
2.215	2	106.7	6.5225	0	1105.883	1.1413		1262.099	0.9331	0.0012
2.22	2	107.2	6.5225	0	1108.703	1.0869	4	1205.07	0.9647	0.0012
2.225	2	107.7	6.5225	0	1104.947	1.11		1226.447	0.9513	0.0012
2.23	2	108.2	6.5225	0	1106.822	1.1388		1260.49	0.9345	0.0014
2.235	2	108.7	6.5225	0	1108.703	1.1308		1253.705	0.9392	0.0014
2.24	2	109.2	6.5185	0	1111.803	1.0884	4	1210.061	0.9638	0.0014
2.245	2	109.7	6.5185	0	1075.128	1.1395		1225.148	0.9341	0.0012
2.25	2	110.2	6.5175	0	1306.636	1.0941		1429.583	0.9605	0.0012
2.255	2	110.7	6.5165	0	1110.515	1.0658		1183.627	0.9769	0.0014
2.26	2	111.2	6.5155	0	1107.513	1.0762	4	1191.942	0.9709	0.0012
2.265	2	111.7	6.5145	0	1110.174	1.0396		1154.114	0.9921	0.0012
2.27	2	112.2	6.5135	0	1110.95	1.0632		1181.146	0.9784	0.0012
2.275	2	112.7	6.5125	0	1112.677	1.0205		1135.498	1.0032	0.0012
2.28	2	113.2	6.5125	0	1114.582	1.0728	4	1195.708	0.9729	0.0012
2.285	2	113.7	6.5115	0	1111.557	1.0872		1208.452	0.9645	0.0012
2.29	2	114.2	6.5115	0	1112.506	1.0801		1201.564	0.9686	0.0014
2.295	2	114.7	6.5105	0	1111.386	1.0945		1216.386	0.9603	0.0012
2.3	2	115.2	6.5105	0	1111.386	1.1008	5	1223.456	0.9566	0.0012
2.305	2	115.7	6.5105	0	1112.336	1.0676		1187.535	0.9759	0.0012
2.31	2	116.2	6.5105	0	1109.492	1.1192		1241.755	0.9459	0.0012
2.315	2	116.7	6.5095	0	1109.322	1.1516		1277.537	0.9271	0.0012
2.32	2	117.2	6.5105	0	1110.438	1.1024	5	1224.181	0.9557	0.0014
2.325	2	117.7	6.5105	0	1065.897	1.0842		1155.614	0.9663	0.0014
2.33	2	118.2	6.5115	0	1107.775	1.0753		1191.208	0.9714	0.0012
2.335	2	118.7	6.5115	0	1107.775	1.0895		1206.973	0.9631	0.0012
2.34	2	119.2	6.5125	0	1109.833	1.0759	4	1194.113	0.971	0.0014
2.345	2	119.7	6.5125	0	1107.945	1.0532		1166.846	0.9842	0.0014
2.35	2	120.2	6.5135	0	1109.058	1.1059		1226.515	0.9537	0.0014
2.355	2	120.7	6.5135	0	1110.003	1.1436		1269.448	0.9318	0.0014
2.36	2	121.2	6.5135	0	1082.336	1.1211	4	1213.406	0.9448	0.0014
2.365	2	121.7	6.5145	0	1113.971	1.0811		1204.351	0.968	0.0014
2.37	2	122.2	6.5145	0	1116.835	1.0796		1205.684	0.9689	0.0014
2.375	2	122.7	6.5155	0	1117.965	1.0794		1206.719	0.969	0.0014
2.38	2	123.2	6.5155	0	1114.141	1.1088	4	1235.313	0.952	0.0014
2.385	2	123.7	6.5165	0	1114.313	1.0895		1214.048	0.9632	0.0014
2.39	2	124.2	6.5175	0	1114.484	1.0901		1214.931	0.9628	0.0012
2.395	2	124.7	6.5185	0	1118.48	1.0608		1186.486	0.9798	0.0017
2.4	2	125.2	6.5195	0	1119.612	1.1113	3	1244.19	0.9505	0.0017
2.405	2	125.7	6.5205	0	1075.458	1.0644		1144.715	0.9777	0.0014
2.41	2	126.2	6.5215	0	1120.918	1.1221		1257.812	0.9442	0.0012
2.415	2	126.7	6.5225	0	1123.02	1.0406		1168.656	0.9915	0.0012
2.42	2	127.2	6.5225	0	1121.09	1.0461	3	1172.757	0.9883	0.0012
2.425	2	127.7	6.5235	0	1116.464	1.0584		1181.691	0.9812	0.0012
2.43	2	128.2	6.5245	0	1119.509	1.0661		1193.508	0.9767	0.001
2.435	2	128.7	6.5255	0	1119.681	1.0612		1188.24	0.9796	0.001
2.44	2	129.2	6.5265	0	1088.113	1.0611	3	1154.562	0.9797	0.001
2.445	2	129.7	6.5285	0	1120.196	1.0867		1217.328	0.9648	0.0012
2.45	2	130.2	6.5295	0	1121.329	1.0865		1218.373	0.9649	0.0012
2.455	2	130.7	6.5305	0	1119.578	1.0919		1222.486	0.9618	0.0012
2.46	2	131.2	6.5315	0	1411.301	1.1575	3	1633.549	0.9237	0.0012
2.465	2	131.7	6.5325	0	1117.049	1.1202		1251.36	0.9453	0.0012
2.47	2	132.2	6.5335	0	1120.093	1.0733		1202.159	0.9726	0.0012
2.475	2	132.7	6.5355	0	1120.435	1.0635		1191.607	0.9782	0.0012
2.48	2	133.2	6.5375	0	1279.855	1.1274	4	1442.894	0.9412	0.0012
2.485	2	133.7	6.5395	0	1198.15	1.0699		1281.932	0.9745	0.0012
2.49	2	134.2	6.5405	0	1082.327	1.1133		1204.931	0.9494	0.0012
2.495	2	134.7	6.5425	0	1129.38	1.0883		1229.141	0.9638	0.0012
2.5	2	135.2	6.5435	0	1081.034	1.0591	5	1144.916	0.9808	0.0012
2.505	2	135.7	6.5445	0	1097.518	1.0833		1188.903	0.9668	0.0014
2.51	2	136.2	6.5455	0	1133.813	1.1164		1265.806	0.9476	0.0012
2.515	2	136.7	6.5485	0	1096.35	1.0952		1200.768	0.9598	0.0012
2.52	2	137.2	6.5625	0	1077.056	1.1119	4	1197.613	0.9502	0.0012
2.525	2	137.7	6.5645	0	1057.426	1.1172		1181.321	0.9471	0.0012
2.53	2	138.2	6.5645	0	1085.4	1.1711		1271.117	0.9158	0.0012
2.535	2	138.7	6.5655	0	1079.319	1.1266		1215.936	0.9417	0.0012
2.54	2	139.2	6.5675	0	1096.777	1.081	4	1185.663	0.9681	0.0014
2.545	2	139.7	6.5695	0	1104.489	1.0682		1179.78	0.9755	0.0012
2.55	2	140.2	6.5725	0	1113.417	1.0779		1200.113	0.9699	0.0012
2.555	2	140.7	6.5745	0	1000.228	1.1758		1176.095	0.9131	0.0012
2.56	2	141.2	6.5765	0	1093.714	1.0945	5	1197.094	0.9603	0.0012
2.565	2	141.7	6.5835	0	1119.072	1.1307		1265.317	0.9393	0.001
2.57	2	142.2	6.5975	0	931.4556	1.1029		1027.274	0.9554	0.0012
2.575	2	142.7	6.6165	0	1026.928	1.1362		1166.804	0.9361	0.0012
2.58	2	143.2	6.6345	0	1510.244	1.0991	4	1659.876	0.9576	0.001
2.585	2	143.7	6.6675	0	1371.067	1.1418		1565.524	0.9328	0.0014
2.59	2	144.2	6.7645	0	847.8942	1.1192		948.9431	0.946	0.0012
2.595	2	144.7	6.7785	0	1358.962	1.1036		1499.75	0.955	0.0012
2.6	2	145.2	6.7785	0	1214.132	1.0858	5	1318.256	0.9653	0.0012
2.605	2	145.7	6.7785	0	1146.372	1.1153		1278.55	0.9482	0.0012
2.61	2	146.2	6.8015	0	1422.016	1.146		1629.689	0.9304	0.0014
2.615	2	146.7	6.8545	0	1457.474	1.1838		1725.4	0.9085	0.0014
2.62	2	147.2	6.8665	0	1046.244	1.1921	5	1247.265	0.9036	0.0014
2.625	2	147.7	6.8665	0	1340.328	1.1627		1558.42	0.9207	0.0014
2.63	2	148.2	6.8625	0	1513.898	1.2105		1832.568	0.893	0.0017
2.635	2	148.7	6.8385	0	1366.88	1.1946		1632.887	0.9022	0.0017
3.635	4	0.2	6.7455	0	1067.664	0.9277		990.4662	1.057	0.0009
3.64	4	0.7	6.7465	0	1233.815	0.8259	0	1018.993	1.1161	0.0009
3.645	4	1.2	6.7745	0	1459.078	0.9049		1320.308	1.0702	0.0008
3.65	4	1.7	6.7865	0	1279.747	0.9004		1152.299	1.0728	0.0008
3.655	4	2.2	6.7875	0	1175.732	1.0331		1214.653	0.9959	0.0007
3.66	4	2.7	6.7965	0	1491.115	1.0355	-2	1544.076	0.9945	0.0006
3.665	4	3.2	6.7505	0	1499.112	1.0426		1562.936	0.9904	0.0006
3.67	4	3.7	6.6975	0	1083.212	0.9624		1042.517	1.0369	0.0005
3.675	4	4.2	6.6985	0	1463.194	0.9682		1416.719	1.0335	0.0005
3.68	4	4.7	6.6985	62	1474.466	1.0201	-2	1504.132	1.0034	0.0005
3.685	4	5.2	6.6975	76	1464.575	1.0386		1521.051	0.9927	0.0005
3.69	4	5.7	6.6625	74	1458.516	1.0533		1536.193	0.9842	0.0005
3.695	4	6.2	6.6595	73	1448.347	1.0591		1534.002	0.9808	0.0005
3.7	4	6.7	6.6435	65	1444.867	1.0057	-1	1453.096	1.0118	0.0005
3.705	4	7.2	6.6355	75	1444.698	1.0421		1505.517	0.9907	0.0005
3.71	4	7.7	6.6235	61	1449.978	1.0394		1507.051	0.9923	0.0006
3.715	4	8.2	6.6065	78	1446.257	0.9787		1415.455	1.0274	0.0006
3.72	4	8.7	6.6035	91	1459.982	1.0026	-1	1463.834	1.0136	0.0006
3.725	4	9.2	6.6045	80	1469.953	1.0354		1522.003	0.9945	0.0006
3.73	4	9.7	6.6055	70	1480.058	1.0422		1542.507	0.9906	0.0006
3.735	4	10.2	6.6045	0	1367.958	1.0078		1378.653	1.0105	0.0006
3.74	4	10.7	6.6015	0	1101.535	1.006	0	1108.132	1.0116	0.0006
3.745	4	11.2	6.5945	0	1065.692	1.0308		1098.53	0.9972	0.0006
3.75	4	11.7	6.5895	0	995.6935	0.9903		986.051	1.0207	0.0006
3.755	4	12.2	6.5865	0	989.261	1.0771		1065.574	0.9703	0.0006
3.76	4	12.7	6.5855	0	1123.23	1.0454	1	1174.178	0.9888	0.0007
3.765	4	13.2	6.5835	0	994.0359	1.0682		1061.869	0.9755	0.0007
3.77	4	13.7	6.5815	0	996.744	0.9824		979.2214	1.0253	0.0007
3.775	4	14.2	6.5795	0	1121.251	1.0224		1146.349	1.0021	0.0008
3.78	4	14.7	6.5785	0	991.7835	1.0049	1	996.6639	1.0122	0.0008
3.785	4	15.2	6.5765	0	1124.572	1.0152		1141.637	1.0063	0.0008
3.79	4	15.7	6.5745	0	1120.399	1.0255		1148.935	1.0003	0.0008
3.795	4	16.2	6.5735	0	1120.228	1.0699		1198.493	0.9746	0.0008
3.8	4	16.7	6.5725	0	1123.888	1.0051	2	1129.591	1.0121	0.0008
3.805	4	17.2	6.5705	0	989.0863	1.0892		1077.32	0.9633	0.0008
3.81	4	17.7	6.5695	0	988.1919	1.0286		1016.417	0.9985	0.0008
3.815	4	18.2	6.5675	0	990.1251	1.0304		1020.243	0.9974	0.0008
3.82	4	18.7	6.5665	0	994.4722	1.0144	3	1008.81	1.0067	0.0009
3.825	4	19.2	6.5655	0	1129.451	1.0031		1132.939	1.0133	0.0008
3.83	4	19.7	6.5645	0	995.6773	1.0518		1047.266	0.985	0.0008
3.835	4	20.2	6.5635	0	985.8065	0.9783		964.4059	1.0277	0.0008
3.84	4	20.7	6.5625	0	1128.935	1.0097	4	1139.85	1.0095	0.0008
3.845	4	21.2	6.5615	0	995.9776	1.036		1031.831	0.9942	0.0008
3.85	4	21.7	6.5595	0	994.9189	1.0487		1043.396	0.9868	0.0008
3.855	4	22.2	6.5585	0	995.5222	1.0326		1027.981	0.9962	0.0008
3.86	4	22.7	6.5575	0	1086.938	1.0204	5	1109.137	1.0032	0.0008
3.865	4	23.2	6.5565	0	989.2125	1.0734		1061.844	0.9725	0.0008
3.87	4	23.7	6.5545	0	987.421	1.0651		1051.731	0.9773	0.0008
3.875	4	24.2	6.5545	0	992.6549	1.062		1054.201	0.9791	0.0008
3.88	4	24.7	6.5525	0	1120.469	1.1089	6	1242.434	0.9519	0.0008
3.885	4	25.2	6.5515	0	992.9524	1.0688		1061.218	0.9752	0.0008
3.89	4	25.7	6.5505	0	1121.085	1.0917		1223.937	0.9619	0.0008
3.895	4	26.2	6.5495	0	994.1561	1.0294		1023.369	0.998	0.0008
3.9	4	26.7	6.5475	0	1117.702	1.0671	9	1192.646	0.9762	0.0009
3.905	4	27.2	6.5445	0	992.6437	1.0746		1066.7	0.9718	0.0008
3.91	4	27.7	6.5435	0	1118.929	1.0513		1176.318	0.9853	0.0008
3.915	4	28.2	6.5425	0	1121.635	1.0081		1130.775	1.0104	0.0008
3.92	4	28.7	6.5415	0	1119.545	1.0299	8	1152.985	0.9978	0.0008
3.925	4	29.2	6.5405	0	1087.727	1.0737		1167.881	0.9723	0.0008
3.93	4	29.7	6.5405	0	1118.417	1.0784		1206.112	0.9696	0.0009
3.935	4	30.2	6.5395	0	995.6608	1.0896		1084.895	0.9631	0.0008
3.94	4	30.7	6.5385	0	1118.075	1.0451	8	1168.48	0.9889	0.0008
3.945	4	31.2	6.5375	0	1115.044	1.0663		1189.005	0.9766	0.0009
3.95	4	31.7	6.5365	0	1115.824	1.072		1196.151	0.9733	0.0008
3.955	4	32.2	6.5365	0	1111.083	0.9907		1100.759	1.0205	0.0008
3.96	4	32.7	6.5355	0	1114.702	1.0816	7	1205.662	0.9677	0.0008
3.965	4	33.2	6.5355	0	1074.388	1.0682		1147.689	0.9755	0.0008
3.97	4	33.7	6.5345	0	1113.582	1.0543		1174.047	0.9836	0.0008
3.975	4	34.2	6.5345	0	1119.305	1.0992		1230.312	0.9576	0.0009
3.98	4	34.7	6.5335	0	1122.016	1.1001	7	1234.372	0.957	0.0009
3.985	4	35.2	6.5335	0	1122.016	1.067		1197.172	0.9762	0.0008
3.99	4	35.7	6.5335	0	1122.98	1.0273		1153.595	0.9993	0.0008
3.995	4	36.2	6.5325	0	1125.711	1.0422		1173.162	0.9906	0.0008
4	4	36.7	6.5325	0	1125.711	1.0492	7	1181.049	0.9866	0.0009
4.005	4	37.2	6.5315	0	1122.637	1.0665		1197.321	0.9765	0.0009
4.01	4	37.7	6.5315	0	1121.673	1.0665		1196.292	0.9765	0.0009
4.015	4	38.2	6.5315	0	1124.57	1.0222		1149.499	1.0022	0.0009
4.02	4	38.7	6.5315	0	1122.637	1.0268	7	1152.727	0.9995	0.0009
4.025	4	39.2	6.5315	0	1123.602	1.0775		1210.717	0.9701	0.0009
4.03	4	39.7	6.5315	0	1124.57	1.0949		1231.312	0.96	0.0009
4.035	4	40.2	6.5315	0	1005.93	1.0183		1024.35	1.0045	0.0008
4.04	4	40.7	6.5315	0	1124.57	1.0307	6	1159.063	0.9973	0.0008
4.045	4	41.2	6.5325	0	1001.456	1.0538		1055.374	0.9839	0.0009
4.05	4	41.7	6.5315	0	1121.673	1.04		1166.517	0.9919	0.0008
4.055	4	42.2	6.5315	0	1122.637	1.0517		1180.631	0.9851	0.0008
4.06	4	42.7	6.5315	0	1132.368	1.04	4	1177.64	0.9919	0.0008
4.065	4	43.2	6.5305	0	1136.134	1.0596		1203.888	0.9805	0.0008
4.07	4	43.7	6.5305	0	1133.177	1.0208		1156.726	1.003	0.0008
4.075	4	44.2	6.5295	0	1130.062	1.0148		1146.755	1.0065	0.0008
4.08	4	44.7	6.5295	0	965.4739	0.9765	4	942.8278	1.0287	0.0008
4.085	4	45.2	6.5285	0	1119.235	1.0003		1119.61	1.0149	0.0008
4.09	4	45.7	6.5285	0	1124.053	1.0311		1159.063	0.997	0.0008
4.095	4	46.2	6.5275	0	1309.954	1.0189		1334.759	1.0041	0.0008
4.1	4	46.7	6.5315	0	1120.71	1.0657	5	1194.387	0.9769	0.0009
4.105	4	47.2	6.5335	0	1122.98	1.0397		1167.519	0.9921	0.0008
4.11	4	47.7	6.5345	0	1121.225	1.0086		1130.884	1.0101	0.0008
4.115	4	48.2	6.5345	0	1126.056	1.0488		1181.049	0.9868	0.0008
4.12	4	48.7	6.5345	0	1120.264	1.0606	5	1188.098	0.98	0.0008
4.125	4	49.2	6.5315	0	1123.602	1.0603		1191.306	0.9801	0.0008
4.13	4	49.7	6.5285	0	1116.365	1.0686		1192.931	0.9753	0.0008
4.135	4	50.2	6.5265	0	1116.023	1.0276		1146.814	0.9991	0.0008
4.14	4	50.7	6.5245	0	1117.592	1.0364	4	1158.309	0.9939	0.0008
4.145	4	51.2	6.5235	0	1121.262	0.9835		1102.792	1.0246	0.0008
4.15	4	51.7	6.5215	0	1121.882	1.0455		1172.892	0.9887	0.0008
4.155	4	52.2	6.5205	0	1124.612	1.0668		1199.683	0.9764	0.0008
4.16	4	52.7	6.5195	0	1129.309	0.9864	4	1113.971	1.023	0.0008
4.165	4	53.2	6.5175	0	1125.065	1.0563		1188.366	0.9824	0.0008
4.17	4	53.7	6.5165	0	1121.987	0.9983		1120.128	1.016	0.0007
4.175	4	54.2	6.5155	0	1278.05	0.9582		1224.598	1.0393	0.0008
4.18	4	54.7	6.5135	0	1122.437	1.0805	4	1212.804	0.9684	0.0008
4.185	4	55.2	6.5135	0	1119.543	1.0703		1198.201	0.9743	0.0008
4.19	4	55.7	6.5125	0	1119.371	1.0524		1178.004	0.9847	0.0008
4.195	4	56.2	6.5085	0	953.2074	1.0554		1005.992	0.983	0.0008
4.2	4	56.7	6.5075	0	1117.551	1.0998	5	1229.03	0.9572	0.0008
4.205	4	57.2	6.5065	0	956.4163	1.0315		986.5674	0.9968	0.0009
4.21	4	57.7	6.5055	0	1114.337	1.1081		1234.758	0.9524	0.0008
4.215	4	58.2	6.5055	0	1118.168	1.0496		1173.631	0.9863	0.0008
4.22	4	58.7	6.5045	0	1116.078	1.0342	4	1154.217	0.9953	0.0008
4.225	4	59.2	6.5045	0	1130.628	1.082		1223.344	0.9675	0.0008
4.23	4	59.7	6.5045	0	1114.166	1.1218		1249.924	0.9444	0.0008
4.235	4	60.2	6.5045	0	1118.958	1.086		1215.146	0.9652	0.0008
4.24	4	60.7	6.5045	0	1094.481	1.0396	4	1137.844	0.9921	0.0008
4.245	4	61.2	6.5045	0	1117.036	1.1066		1236.154	0.9532	0.0008
4.25	4	61.7	6.5045	0	1088.984	1.0171		1107.634	1.0051	0.0008
4.255	4	62.2	6.5045	0	1087.164	1.0342		1124.315	0.9953	0.0008
4.26	4	62.7	6.5045	0	1121.852	1.071	4	1201.451	0.9739	0.0009
4.265	4	63.2	6.5045	0	1118.958	1.0357		1158.936	0.9944	0.0009
4.27	4	63.7	6.5045	0	1005.643	1.004		1009.692	1.0127	0.0008
4.275	4	64.2	6.5045	0	1120.886	1.056		1183.683	0.9826	0.0008
4.28	4	64.7	6.5045	0	1115.121	1.0788	4	1203.04	0.9693	0.0008
4.285	4	65.2	6.5045	0	1121.852	1.0056		1128.094	1.0119	0.0008
4.29	4	65.7	6.5045	0	1117.036	1.0194		1138.756	1.0038	0.0009
4.295	4	66.2	6.5055	0	1119.13	1.0069		1126.905	1.0111	0.0008
4.3	4	66.7	6.5055	0	1120.093	1.0473	5	1173.026	0.9877	0.0009
4.305	4	67.2	6.5065	0	1117.379	0.9937		1110.39	1.0187	0.0008
4.31	4	67.7	6.5065	0	1119.302	1.0409		1165.034	0.9914	0.0008
4.315	4	68.2	6.5065	0	1118.34	0.9369		1047.782	1.0517	0.0009
4.32	4	68.7	6.5065	0	1125.108	0.9953	4	1119.793	1.0178	0.0008
4.325	4	69.2	6.5065	0	1125.108	1.0284		1157.085	0.9986	0.001
4.33	4	69.7	6.5065	0	951.521	1.0022		953.5958	1.0138	0.0009
4.335	4	70.2	6.5065	0	1127.057	0.9625		1084.824	1.0368	0.001
4.34	4	70.7	6.5075	0	1122.37	0.939	5	1053.923	1.0505	0.0009
4.345	4	71.2	6.5075	0	1118.512	0.9151		1023.554	1.0643	0.0009
4.35	4	71.7	6.5075	0	1120.437	0.9798		1097.855	1.0268	0.0009
4.355	4	72.2	6.5085	0	1117.723	1.0119		1130.993	1.0082	0.0008
4.36	4	72.7	6.5085	0	1120.609	1.0491	5	1175.652	0.9866	0.0009
4.365	4	73.2	6.5095	0	1118.855	1.0756		1203.492	0.9712	0.0009
4.37	4	73.7	6.5095	0	1093.482	1.0094		1103.768	1.0096	0.0008
4.375	4	74.2	6.5105	0	1116.149	0.9832		1097.402	1.0248	0.0009
4.38	4	74.7	6.5115	0	775.3632	1.069	5	828.8744	0.975	0.0009
4.385	4	75.2	6.5115	0	1117.279	0.9792		1094.088	1.0271	0.0009
4.39	4	75.7	6.5125	0	1115.536	1.0228		1141.003	1.0018	0.0009
4.395	4	76.2	6.5125	0	1120.334	1.0306		1154.588	0.9973	0.0009
4.4	4	76.7	6.5135	0	1116.664	1.0343	5	1154.962	0.9952	0.0009
4.405	4	77.2	6.5145	0	1113.971	1.0662		1187.675	0.9767	0.0009
4.41	4	77.7	6.5145	0	832.7368	0.9629		801.808	1.0366	0.0009
4.415	4	78.2	6.5145	0	1112.069	0.903		1004.193	1.0713	0.0009
4.42	4	78.7	6.5155	0	1116.05	0.8771	5	978.8606	1.0864	0.0008
4.425	4	79.2	6.5145	0	1114.924	0.9515		1060.888	1.0432	0.0008
4.43	4	79.7	6.5145	0	1111.121	1.0187		1131.845	1.0043	0.0008
4.435	4	80.2	6.5145	0	949.2205	1.0048		953.7656	1.0123	0.0009
4.44	4	80.7	6.5135	0	861.8021	0.9653	5	831.8783	1.0352	0.0009
4.445	4	81.2	6.5135	0	1114.753	1.0632		1185.189	0.9784	0.0009
4.45	4	81.7	6.5135	0	1113.8	1.0593		1179.808	0.9807	0.0009
4.455	4	82.2	6.5125	0	977.4127	1.0783		1053.95	0.9697	0.0009
4.46	4	82.7	6.5125	0	981.8333	1.0696	5	1050.205	0.9747	0.0008
4.465	4	83.2	6.5115	0	1118.238	1.069		1195.412	0.975	0.0008
4.47	4	83.7	6.5115	0	1125	1.058		1190.275	0.9814	0.0009
4.475	4	84.2	6.5115	0	1110.609	1.0714		1189.879	0.9737	0.0009
4.48	4	84.7	6.5105	0	1121.92	1.0457	5	1173.162	0.9886	0.0008
4.485	4	85.2	6.5105	0	1123.856	1.0574		1188.366	0.9818	0.0009
4.49	4	85.7	6.5095	0	1114.068	1.0772		1200.101	0.9703	0.0008
4.495	4	86.2	6.5095	0	1078.982	1.0048		1084.152	1.0123	0.0009
4.5	4	86.7	6.5095	0	1122.715	1.0662	6	1197.035	0.9767	0.0009
4.505	4	87.2	6.5085	0	1215.86	1.0522		1279.383	0.9848	0.0009
4.51	4	87.7	6.5085	0	1218.136	1.0877		1324.932	0.9642	0.0008
4.515	4	88.2	6.5085	0	1121.575	1.1324		1270.085	0.9383	0.0008
4.52	4	88.7	6.5085	0	1106.323	1.0869	5	1202.44	0.9647	0.0008
4.525	4	89.2	6.5075	0	1125.281	1.0446		1175.463	0.9892	0.0008
4.53	4	89.7	6.5075	0	1116.592	1.0516		1174.236	0.9851	0.0009
4.535	4	90.2	6.5065	0	1116.421	1.0667		1190.873	0.9764	0.0008
4.54	4	90.7	6.5065	0	1121.23	1.0714	5	1201.299	0.9737	0.0009
4.545	4	91.2	6.5065	0	1127.057	1.092		1230.715	0.9617	0.0008
4.55	4	91.7	6.5055	0	1124.935	1.1305		1271.759	0.9394	0.0009
4.555	4	92.2	6.5055	0	1114.337	1.141		1271.465	0.9333	0.0009
4.56	4	92.7	6.5055	0	1118.168	1.0716	5	1198.201	0.9736	0.0009
4.565	4	93.2	6.5055	0	1113.384	1.0921		1215.971	0.9616	0.0009
4.57	4	93.7	6.5045	0	1110.362	1.109		1231.429	0.9518	0.0009
4.575	4	94.2	6.5045	0	1113.212	1.0545		1173.836	0.9835	0.0009
4.58	4	94.7	6.5045	0	1117.996	1.0545	6	1178.88	0.9835	0.0009
4.585	4	95.2	6.5045	0	1119.921	1.0662		1194.093	0.9767	0.0009
4.59	4	95.7	6.5045	0	1113.212	1.0552		1174.708	0.983	0.0008
4.595	4	96.2	6.5045	0	1115.121	1.0971		1223.373	0.9588	0.0009
4.6	4	96.7	6.5045	0	1111.31	1.0318	6	1146.697	0.9966	0.0008
4.605	4	97.2	6.5045	0	1106.584	1.1323		1252.988	0.9383	0.0009
4.61	4	97.7	6.5045	0	1113.212	1.0765		1198.343	0.9707	0.0008
4.615	4	98.2	6.5055	0	1115.292	1.0317		1150.629	0.9967	0.0009
4.62	4	98.7	6.5055	0	1112.432	1.0771	5	1198.197	0.9704	0.0008
4.625	4	99.2	6.5065	0	1111.652	1.0463		1163.14	0.9882	0.0009
4.63	4	99.7	6.5075	0	1115.635	1.036		1155.829	0.9942	0.0008
4.635	4	100.2	6.5075	0	1113.726	1.0595		1179.944	0.9806	0.0009
4.64	4	100.7	6.5085	0	1108.207	1.0853	5	1202.732	0.9656	0.0009
4.645	4	101.2	6.5085	0	1080.608	1.1461		1238.529	0.9303	0.0008
4.65	4	101.7	6.5095	0	1106.493	1.0907		1206.825	0.9625	0.0009
4.655	4	102.2	6.5105	0	1112.336	1.0293		1144.971	0.9981	0.0009
4.66	4	102.7	6.5125	0	1114.582	1.0547	6	1175.579	0.9833	0.0008
4.665	4	103.2	6.5135	0	1111.898	1.0876		1209.332	0.9643	0.0009
4.67	4	103.7	6.5155	0	1116.05	1.1088		1237.429	0.952	0.0008
4.675	4	104.2	6.5155	0	1115.095	1.1112		1239.041	0.9506	0.0009
4.68	4	104.7	6.5175	0	1112.581	1.1292	6	1256.371	0.9401	0.0008
4.685	4	105.2	6.5185	0	1111.803	1.0876		1209.181	0.9643	0.0008
4.69	4	105.7	6.5195	0	1115.78	1.1217		1251.536	0.9445	0.0008
4.695	4	106.2	6.5195	0	1119.612	1.0969		1228.14	0.9589	0.0008
4.7	4	106.7	6.5215	0	1118.035	1.0689	6	1195.12	0.9751	0.0008
4.705	4	107.2	6.5215	0	981.7101	1.0926		1072.646	0.9614	0.0008
4.71	4	107.7	6.5225	0	984.0827	1.1156		1097.795	0.9481	0.0008
4.715	4	108.2	6.5235	0	1071.534	1.1282		1208.906	0.9407	0.0008
4.72	4	108.7	6.5245	0	1113.776	1.2129	7	1350.863	0.8916	0.0008
4.725	4	109.2	6.5245	0	988.1115	1.1264		1113.031	0.9418	0.0008
4.73	4	109.7	6.5255	0	989.0118	1.0801		1068.232	0.9686	0.0008
4.735	4	110.2	6.5255	0	989.0118	1.1456		1132.991	0.9306	0.0008
4.74	4	110.7	6.5265	0	988.4144	1.0721	7	1059.637	0.9733	0.0008
4.745	4	111.2	6.5265	0	986.9198	1.1269		1112.14	0.9415	0.0008
4.75	4	111.7	6.5275	0	987.8178	1.1485		1134.471	0.929	0.0008
4.755	4	112.2	6.5275	0	990.8167	1.1059		1095.766	0.9536	0.0008
4.76	4	112.7	6.5285	0	989.4665	1.0702	6	1058.885	0.9744	0.0008
4.765	4	113.2	6.5285	0	987.9691	1.1034		1090.091	0.9551	0.0008
4.77	4	113.7	6.5295	0	989.618	1.0763		1065.112	0.9708	0.0008
4.775	4	114.2	6.5295	0	989.618	1.0897		1078.395	0.963	0.0008
4.78	4	114.7	6.5305	0	990.5203	1.1552	6	1144.27	0.925	0.0008
4.785	4	115.2	6.5305	0	987.5246	1.1038		1090.052	0.9549	0.0008
4.79	4	115.7	6.5315	0	986.9296	1.0268		1013.383	0.9995	0.0008
4.795	4	116.2	6.5325	0	989.3231	1.0963		1084.631	0.9592	0.0008
4.8	4	116.7	6.5335	0	991.7275	1.1209	6	1111.594	0.945	0.0008
4.805	4	117.2	6.5345	0	990.3759	1.0747		1064.333	0.9718	0.0008
4.81	4	117.7	6.5355	0	991.2786	1.0246		1015.694	1.0008	0.0008
4.815	4	118.2	6.5365	0	993.6911	1.0885		1081.674	0.9637	0.0008
4.82	4	118.7	6.5375	0	1084.522	1.0979	6	1190.672	0.9583	0.0008
4.825	4	119.2	6.5395	0	1124.012	1.0952		1230.976	0.9599	0.0008
4.83	4	119.7	6.5405	0	1123.218	1.1325		1272.032	0.9382	0.0008
4.835	4	120.2	6.5425	0	1085.352	1.0994		1193.254	0.9574	0.0008
4.84	4	120.7	6.5455	0	1102.307	1.1077	6	1220.971	0.9526	0.001
4.845	4	121.2	6.5495	0	1098.357	1.1173		1227.227	0.947	0.001
4.85	4	121.7	6.5625	0	1301.309	1.1439		1488.628	0.9316	0.001
4.855	4	122.2	6.5865	0	1313.884	1.1518		1513.382	0.927	0.001
4.86	4	122.7	6.6265	0	1124.47	1.1241	6	1264.063	0.9431	0.0012
4.865	4	123.2	6.6675	0	1077.489	1.0858		1169.96	0.9653	0.0012
4.87	4	123.7	6.6905	0	1012.485	1.0977		1111.397	0.9584	0.0012
4.875	4	124.2	6.6985	0	1400.481	1.1397		1596.156	0.934	0.0012
4.88	4	124.7	6.7335	0	1461.263	1.1322	6	1654.465	0.9384	0.0014
4.885	4	125.2	6.7725	0	1598.042	1.1933		1906.978	0.9029	0.0014
4.89	4	125.7	6.7935	0	1251.566	1.0795		1351.076	0.969	0.0017
4.895	4	126.2	6.8085	0	1327.711	1.1003		1460.863	0.9569	0.0017
4.9	4	126.7	6.8255	0	1163.173	1.0991	2	1278.437	0.9576	0.0017
4.905	5	0.3	6.8265	0	1559.274	0.7906		1232.838	1.1365	0.0017
4.91	5	0.8	6.8275	0	1174.523	0.8609		1011.138	1.0958	0.0021
4.915	5	1.3	6.8335	0	1357.739	1.0511		1427.093	0.9855	0.0017
4.92	5	1.8	6.8365	0	1366.48	1.0362	-1	1416.004	0.9941	0.0014
4.925	5	2.3	6.8605	0	1460.302	1.0326		1507.933	0.9962	0.001
4.93	5	2.8	6.8795	0	1335.048	1.0178		1358.804	1.0048	0.0009
4.935	5	3.3	6.8635	0	1456.291	1.0503		1529.496	0.9859	0.0008
4.94	5	3.8	6.8345	0	1460.988	1.0245	-2	1496.776	1.0009	0.0007
4.945	5	4.3	6.8205	63	1464.255	0.9981		1461.541	1.0162	0.0007
4.95	5	4.8	6.8185	0	1478.105	1.0473		1548.04	0.9876	0.0007
4.955	5	5.3	6.8125	0	1502.868	1.0008		1504.085	1.0146	0.0007
4.96	5	5.8	6.7645	0	1130.62	0.9617	-1	1087.364	1.0373	0.0007
4.965	5	6.3	6.7415	0	1277.283	0.9319		1190.3	1.0546	0.0007
4.97	5	6.8	6.7055	0	1270.462	1.0244		1301.423	1.0009	0.0007
4.975	5	7.3	6.7005	0	1270.719	1.0145		1289.153	1.0067	0.0007
4.98	5	7.8	6.6955	0	1277.036	1.0191	1	1301.374	1.004	0.0007
4.985	5	8.3	6.6905	0	1151.946	1.0236		1179.156	1.0014	0.0008
4.99	5	8.8	6.6865	0	1005.791	0.9857		991.3946	1.0234	0.0008
4.995	5	9.3	6.6825	0	1005.946	0.949		954.6405	1.0447	0.0008
5	5	9.8	6.6805	0	1003.379	1.0183	1	1021.745	1.0045	0.0008
5.005	5	10.3	6.6785	0	1006.101	1.0209		1027.12	1.003	0.0008
5.01	5	10.8	6.6765	0	1008.84	0.9655		973.9923	1.0351	0.0008
5.015	5	11.3	6.6745	0	995.7482	0.974		969.8207	1.0302	0.0008
5.02	5	11.8	6.6605	0	1145.794	0.9978	1	1143.311	1.0163	0.0009
5.025	5	12.3	6.6595	0	1000.225	0.9919		992.1673	1.0198	0.0009
5.03	5	12.8	6.6585	0	998.5753	0.9606		959.2358	1.0379	0.0009
5.035	5	13.3	6.6575	0	998.4254	1.0433		1041.62	0.99	0.0009
5.04	5	13.8	6.6555	0	1001.882	0.9971	2	998.947	1.0168	0.0009
5.045	5	14.3	6.6555	0	1142.967	0.9745		1113.814	1.0299	0.0009
5.05	5	14.8	6.6535	0	1141.644	0.9876		1127.442	1.0223	0.0009
5.055	5	15.3	6.6535	0	1002.335	0.9996		1001.974	1.0153	0.0008
5.06	5	15.8	6.6515	0	1004.303	1.0243	3	1028.678	1.001	0.0009
5.065	5	16.3	6.6495	0	1005.52	1.0507		1056.483	0.9857	0.0009
5.07	5	16.8	6.6475	0	1145.528	0.9832		1126.26	1.0248	0.0009
5.075	5	17.3	6.6465	0	1145.356	1.0651		1219.905	0.9773	0.0008
5.08	5	17.8	6.6445	0	1145.011	0.9844	5	1127.122	1.0241	0.0009
5.085	5	18.3	6.6415	0	1144.494	1.0465		1197.767	0.9881	0.0009
5.09	5	18.8	6.6395	0	1146.125	1.0896		1248.837	0.9631	0.0009
5.095	5	19.3	6.6385	0	1144.964	1.0695		1224.517	0.9748	0.0009
5.1	5	19.8	6.6365	0	1146.597	1.0473	6	1200.872	0.9876	0.0009
5.105	5	20.3	6.6355	0	1145.434	1.056		1209.573	0.9826	0.0009
5.11	5	20.8	6.6335	0	1145.089	1.0586		1212.234	0.9811	0.0009
5.115	5	21.3	6.6335	0	1147.069	1.0586		1214.33	0.9811	0.0009
5.12	5	21.8	6.6325	0	1145.905	1.0333	8	1184.11	0.9957	0.0009
5.125	5	22.3	6.6315	0	1145.733	1.0144		1162.194	1.0067	0.0009
5.13	5	22.8	6.6305	0	1145.56	1.0731		1229.311	0.9727	0.0009
5.135	5	23.3	6.6305	0	1146.55	1.0583		1213.441	0.9812	0.0009
5.14	5	23.8	6.6295	0	1148.363	0.9843	11	1130.38	1.0242	0.0009
5.145	5	24.3	6.6295	0	1146.377	1.033		1184.253	0.9959	0.0009
5.15	5	24.8	6.6295	0	1147.369	1.0601		1216.271	0.9802	0.0009
5.155	5	25.3	6.6295	0	1146.377	1.0492		1202.795	0.9865	0.0009
5.16	5	25.8	6.6295	0	1148.363	0.9731	8	1117.419	1.0307	0.0009
5.165	5	26.3	6.6295	0	1146.377	1.0577		1212.553	0.9816	0.0009
5.17	5	26.8	6.6295	0	1147.369	1.0361		1188.804	0.9941	0.0009
5.175	5	27.3	6.6295	0	1148.363	1.0093		1159.089	1.0097	0.0009
5.18	5	27.8	6.6285	0	1148.19	1.0363	8	1189.834	0.994	0.0009
5.185	5	28.3	6.6285	0	1148.19	1.0255		1177.499	1.0003	0.0009
5.19	5	28.8	6.6285	0	1148.19	0.9951		1142.527	1.0179	0.0009
5.195	5	29.3	6.6295	0	1145.387	1.0277		1177.08	0.999	0.0009
5.2	5	29.8	6.6285	0	1147.196	0.956	7	1096.7	1.0406	0.0009
5.205	5	30.3	6.6285	0	1146.204	1.0027		1149.242	1.0135	0.0009
5.21	5	30.8	6.6285	0	1146.204	0.9898		1134.483	1.021	0.0009
5.215	5	31.3	6.6285	0	1147.196	1.0301		1181.756	0.9976	0.0009
5.22	5	31.8	6.6275	0	1145.042	1.0051	8	1150.859	1.0121	0.001
5.225	5	32.3	6.6275	0	1145.042	1.0635		1217.725	0.9783	0.0009
5.23	5	32.8	6.6275	0	1146.031	1.018		1166.698	1.0046	0.001
5.235	5	33.3	6.6275	0	1148.017	0.9088		1043.296	1.068	0.0009
5.24	5	33.8	6.6265	0	1146.85	1.0197	6	1169.46	1.0036	0.001
5.245	5	34.3	6.6265	0	1143.881	1.0894		1246.143	0.9632	0.001
5.25	5	34.8	6.6255	0	1140.754	1.0406		1187.054	0.9915	0.001
5.255	5	35.3	6.6255	0	1142.722	1.0176		1162.807	1.0049	0.0012
5.26	5	35.8	6.6235	0	1144.35	1.0156	7	1162.194	1.006	0.0012
5.265	5	36.3	6.6225	0	1143.19	1.0165		1162.064	1.0055	0.0017
5.27	5	36.8	6.6215	0	1142.032	0.9999		1141.932	1.0151	0.0017
5.275	5	37.3	6.6205	0	1142.845	0.9864		1127.341	1.023	0.0028
5.28	5	37.8	6.6185	0	1141.514	0.9747	10	1112.6	1.0298	0.0042
5.285	5	38.3	6.6175	0	1142.327	1.0127		1156.83	1.0077	-0.9755
5.29	5	38.8	6.6175	0	1143.314	0.9666		1105.077	1.0345	-0.0042
5.295	5	39.3	6.6165	0	1142.154	0.9622		1098.987	1.037	-0.0017
5.3	5	39.8	6.6165	0	1141.169	1.0236		1168.048	1.0014	-0.0012
5.305	5	40.3	6.6175	0	1140.359	0.9907		1129.71	1.0205	-0.0009
5.31	5	40.8	6.6175	0	1138.397	1.0257		1167.651	1.0002	-0.0008
5.315	5	41.3	6.6185	0	1138.569	1.0579		1204.528	0.9815	-0.0008
5.32	5	41.8	6.6195	0	1137.762	0.9693		1102.792	1.0329	-0.0007
5.325	5	42.3	6.6195	0	1134.836	1.2776		1449.848	0.8541	-0.0007
5.33	5	42.8	6.6205	0	1007.227	1.4051		1415.255	0.7801	-0.0008
5.335	5	43.3	6.6195	0	1009.378	1.4124		1425.642	0.7759	-0.0008
5.34	5	43.8	6.6195	0	1139.721	1.4427		1644.296	0.7583	-0.0009
5.345	5	44.3	6.6195	0	1139.721	1.6343		1862.695	0.6471	-0.0012
5.35	5	44.8	6.6195	0	1140.703	1.6988		1937.876	0.6097	-0.0021
5.355	5	45.3	6.6205	0	1149.792	1.3087		1504.782	0.836	-0.0083
5.36	5	45.8	6.6225	0	1100.449	0.8926		982.3062	1.0774	0.0084
5.365	5	46.3	6.6255	0	1401.333	0.8203		1149.524	1.1193	0.0042
5.37	5	46.8	6.6345	0	1098.791	0.8714		957.5338	1.0897	0.0028
5.375	5	47.3	6.6345	0	1204.521	0.7499		903.2848	1.1601	0.0021
5.38	5	47.8	6.6345	0	1355.917	0.7183		973.9724	1.1785	0.0021
5.385	5	48.3	6.6425	0	1271.779	0.6295		800.6152	1.23	0.0021
5.39	5	48.8	6.6675	0	1410.216	0.6656		938.6356	1.2091	0.0021
5.395	5	49.3	6.6895	0	1612.705	0.5285		852.266	1.2886	0.0028
5.4	5	49.8	6.7065	0	1213.188	0.4982	10	604.4648	1.3061	0.0028
5.405	5	50.3	6.7085	0	1426.43	0.4652		663.5775	1.3253	0.0028
5.41	5	50.8	6.7145	0	1197.307	0.4525		541.7651	1.3327	0.0028
5.415	5	51.3	6.7445	0	1204.805	0.4165		501.7758	1.3536	0.0028